# JRE version: Java(TM) SE Runtime Environment (8.0_171-b11) (build 1.8.0_171-b11)
# Java VM: Java HotSpot(TM) 64-Bit Server VM (25.171-b11 mixed mode windows-amd64 compressed oops)
Heap:
 PSYoungGen      total 146944K, used 116268K [0x00000000d5580000, 0x00000000e0000000, 0x0000000100000000)
  eden space 121856K, 81% used [0x00000000d5580000,0x00000000db60f290,0x00000000dcc80000)
  from space 25088K, 69% used [0x00000000dcc80000,0x00000000ddd7c070,0x00000000de500000)
  to   space 25600K, 0% used [0x00000000de700000,0x00000000de700000,0x00000000e0000000)
 ParOldGen       total 93184K, used 42771K [0x0000000080000000, 0x0000000085b00000, 0x00000000d5580000)
  object space 93184K, 45% used [0x0000000080000000,0x00000000829c4c18,0x0000000085b00000)
 Metaspace       used 68790K, capacity 73916K, committed 74136K, reserved 1114112K
  class space    used 9191K, capacity 10310K, committed 10416K, reserved 1048576K
GC Heap History (10 events):
Event: 2527.673 GC heap before
{Heap before GC invocations=24 (full 5):
 PSYoungGen      total 144384K, used 133881K [0x00000000d5580000, 0x00000000dfc00000, 0x0000000100000000)
  eden space 119296K, 100% used [0x00000000d5580000,0x00000000dca00000,0x00000000dca00000)
  from space 25088K, 58% used [0x00000000de380000,0x00000000df1be6e0,0x00000000dfc00000)
  to   space 25600K, 0% used [0x00000000dca00000,0x00000000dca00000,0x00000000de300000)
 ParOldGen       total 93184K, used 42731K [0x0000000080000000, 0x0000000085b00000, 0x00000000d5580000)
  object space 93184K, 45% used [0x0000000080000000,0x00000000829bac18,0x0000000085b00000)
 Metaspace       used 66533K, capacity 69940K, committed 70040K, reserved 1110016K
  class space    used 8888K, capacity 9581K, committed 9648K, reserved 1048576K
Event: 2527.918 GC heap after
Heap after GC invocations=24 (full 5):
 PSYoungGen      total 144896K, used 11585K [0x00000000d5580000, 0x00000000dfb00000, 0x0000000100000000)
  eden space 119296K, 0% used [0x00000000d5580000,0x00000000d5580000,0x00000000dca00000)
  from space 25600K, 45% used [0x00000000dca00000,0x00000000dd550580,0x00000000de300000)
  to   space 24576K, 0% used [0x00000000de300000,0x00000000de300000,0x00000000dfb00000)
 ParOldGen       total 93184K, used 42739K [0x0000000080000000, 0x0000000085b00000, 0x00000000d5580000)
  object space 93184K, 45% used [0x0000000080000000,0x00000000829bcc18,0x0000000085b00000)
 Metaspace       used 66533K, capacity 69940K, committed 70040K, reserved 1110016K
  class space    used 8888K, capacity 9581K, committed 9648K, reserved 1048576K
}
Event: 2593.523 GC heap before
{Heap before GC invocations=25 (full 5):
 PSYoungGen      total 144896K, used 130881K [0x00000000d5580000, 0x00000000dfb00000, 0x0000000100000000)
  eden space 119296K, 100% used [0x00000000d5580000,0x00000000dca00000,0x00000000dca00000)
  from space 25600K, 45% used [0x00000000dca00000,0x00000000dd550580,0x00000000de300000)
  to   space 24576K, 0% used [0x00000000de300000,0x00000000de300000,0x00000000dfb00000)
 ParOldGen       total 93184K, used 42739K [0x0000000080000000, 0x0000000085b00000, 0x00000000d5580000)
  object space 93184K, 45% used [0x0000000080000000,0x00000000829bcc18,0x0000000085b00000)
 Metaspace       used 66976K, capacity 70610K, committed 70936K, reserved 1110016K
  class space    used 8925K, capacity 9669K, committed 9776K, reserved 1048576K
Event: 2593.555 GC heap after
Heap after GC invocations=25 (full 5):
 PSYoungGen      total 143872K, used 6863K [0x00000000d5580000, 0x00000000dfa00000, 0x0000000100000000)
  eden space 120320K, 0% used [0x00000000d5580000,0x00000000d5580000,0x00000000dcb00000)
  from space 23552K, 29% used [0x00000000de300000,0x00000000de9b3d68,0x00000000dfa00000)
  to   space 24064K, 0% used [0x00000000dcb00000,0x00000000dcb00000,0x00000000de280000)
 ParOldGen       total 93184K, used 42747K [0x0000000080000000, 0x0000000085b00000, 0x00000000d5580000)
  object space 93184K, 45% used [0x0000000080000000,0x00000000829bec18,0x0000000085b00000)
 Metaspace       used 66976K, capacity 70610K, committed 70936K, reserved 1110016K
  class space    used 8925K, capacity 9669K, committed 9776K, reserved 1048576K
}
Event: 2598.228 GC heap before
{Heap before GC invocations=26 (full 5):
 PSYoungGen      total 143872K, used 127183K [0x00000000d5580000, 0x00000000dfa00000, 0x0000000100000000)
  eden space 120320K, 100% used [0x00000000d5580000,0x00000000dcb00000,0x00000000dcb00000)
  from space 23552K, 29% used [0x00000000de300000,0x00000000de9b3d68,0x00000000dfa00000)
  to   space 24064K, 0% used [0x00000000dcb00000,0x00000000dcb00000,0x00000000de280000)
 ParOldGen       total 93184K, used 42747K [0x0000000080000000, 0x0000000085b00000, 0x00000000d5580000)
  object space 93184K, 45% used [0x0000000080000000,0x00000000829bec18,0x0000000085b00000)
 Metaspace       used 67997K, capacity 72752K, committed 72984K, reserved 1112064K
  class space    used 9130K, capacity 10188K, committed 10288K, reserved 1048576K
Event: 2598.405 GC heap after
Heap after GC invocations=26 (full 5):
 PSYoungGen      total 144384K, used 18631K [0x00000000d5580000, 0x00000000dff00000, 0x0000000100000000)
  eden space 120320K, 0% used [0x00000000d5580000,0x00000000d5580000,0x00000000dcb00000)
  from space 24064K, 77% used [0x00000000dcb00000,0x00000000ddd31eb8,0x00000000de280000)
  to   space 25600K, 0% used [0x00000000de600000,0x00000000de600000,0x00000000dff00000)
 ParOldGen       total 93184K, used 42755K [0x0000000080000000, 0x0000000085b00000, 0x00000000d5580000)
  object space 93184K, 45% used [0x0000000080000000,0x00000000829c0c18,0x0000000085b00000)
 Metaspace       used 67997K, capacity 72752K, committed 72984K, reserved 1112064K
  class space    used 9130K, capacity 10188K, committed 10288K, reserved 1048576K
}
Event: 5339.576 GC heap before
{Heap before GC invocations=27 (full 5):
 PSYoungGen      total 144384K, used 138951K [0x00000000d5580000, 0x00000000dff00000, 0x0000000100000000)
  eden space 120320K, 100% used [0x00000000d5580000,0x00000000dcb00000,0x00000000dcb00000)
  from space 24064K, 77% used [0x00000000dcb00000,0x00000000ddd31eb8,0x00000000de280000)
  to   space 25600K, 0% used [0x00000000de600000,0x00000000de600000,0x00000000dff00000)
 ParOldGen       total 93184K, used 42755K [0x0000000080000000, 0x0000000085b00000, 0x00000000d5580000)
  object space 93184K, 45% used [0x0000000080000000,0x00000000829c0c18,0x0000000085b00000)
 Metaspace       used 68233K, capacity 73144K, committed 73240K, reserved 1112064K
  class space    used 9161K, capacity 10232K, committed 10288K, reserved 1048576K
Event: 5340.068 GC heap after
Heap after GC invocations=27 (full 5):
 PSYoungGen      total 145920K, used 13741K [0x00000000d5580000, 0x00000000dfd80000, 0x0000000100000000)
  eden space 121856K, 0% used [0x00000000d5580000,0x00000000d5580000,0x00000000dcc80000)
  from space 24064K, 57% used [0x00000000de600000,0x00000000df36b6d0,0x00000000dfd80000)
  to   space 25088K, 0% used [0x00000000dcc80000,0x00000000dcc80000,0x00000000de500000)
 ParOldGen       total 93184K, used 42763K [0x0000000080000000, 0x0000000085b00000, 0x00000000d5580000)
  object space 93184K, 45% used [0x0000000080000000,0x00000000829c2c18,0x0000000085b00000)
 Metaspace       used 68233K, capacity 73144K, committed 73240K, reserved 1112064K
  class space    used 9161K, capacity 10232K, committed 10288K, reserved 1048576K
}
Event: 5680.726 GC heap before
{Heap before GC invocations=28 (full 5):
 PSYoungGen      total 145920K, used 135597K [0x00000000d5580000, 0x00000000dfd80000, 0x0000000100000000)
  eden space 121856K, 100% used [0x00000000d5580000,0x00000000dcc80000,0x00000000dcc80000)
  from space 24064K, 57% used [0x00000000de600000,0x00000000df36b6d0,0x00000000dfd80000)
  to   space 25088K, 0% used [0x00000000dcc80000,0x00000000dcc80000,0x00000000de500000)
 ParOldGen       total 93184K, used 42763K [0x0000000080000000, 0x0000000085b00000, 0x00000000d5580000)
  object space 93184K, 45% used [0x0000000080000000,0x00000000829c2c18,0x0000000085b00000)
 Metaspace       used 68697K, capacity 73750K, committed 73880K, reserved 1114112K
  class space    used 9186K, capacity 10305K, committed 10416K, reserved 1048576K
Event: 5680.970 GC heap after
Heap after GC invocations=28 (full 5):
 PSYoungGen      total 146944K, used 17392K [0x00000000d5580000, 0x00000000e0000000, 0x0000000100000000)
  eden space 121856K, 0% used [0x00000000d5580000,0x00000000d5580000,0x00000000dcc80000)
  from space 25088K, 69% used [0x00000000dcc80000,0x00000000ddd7c070,0x00000000de500000)
  to   space 25600K, 0% used [0x00000000de700000,0x00000000de700000,0x00000000e0000000)
 ParOldGen       total 93184K, used 42771K [0x0000000080000000, 0x0000000085b00000, 0x00000000d5580000)
  object space 93184K, 45% used [0x0000000080000000,0x00000000829c4c18,0x0000000085b00000)
 Metaspace       used 68697K, capacity 73750K, committed 73880K, reserved 1114112K
  class space    used 9186K, capacity 10305K, committed 10416K, reserved 1048576K
}

