# JRE version: Java(TM) SE Runtime Environment (8.0_171-b11) (build 1.8.0_171-b11)
# Java VM: Java HotSpot(TM) 64-Bit Server VM (25.171-b11 mixed mode windows-amd64 compressed oops)
Heap:
 PSYoungGen      total 233472K, used 34550K [0x00000000d5580000, 0x00000000e8680000, 0x0000000100000000)
  eden space 209408K, 5% used [0x00000000d5580000,0x00000000d5fbdb78,0x00000000e2200000)
  from space 24064K, 99% used [0x00000000e2200000,0x00000000e397fdf8,0x00000000e3980000)
  to   space 32256K, 0% used [0x00000000e6700000,0x00000000e6700000,0x00000000e8680000)
 ParOldGen       total 104960K, used 61096K [0x0000000080000000, 0x0000000086680000, 0x00000000d5580000)
  object space 104960K, 58% used [0x0000000080000000,0x0000000083baa2e8,0x0000000086680000)
 Metaspace       used 71205K, capacity 75314K, committed 75416K, reserved 1114112K
  class space    used 9391K, capacity 10365K, committed 10416K, reserved 1048576K
GC Heap History (10 events):
Event: 21.500 GC heap before
{Heap before GC invocations=14 (full 3):
 PSYoungGen      total 175104K, used 22511K [0x00000000d5580000, 0x00000000e4180000, 0x0000000100000000)
  eden space 152576K, 0% used [0x00000000d5580000,0x00000000d5580000,0x00000000dea80000)
  from space 22528K, 99% used [0x00000000dea80000,0x00000000e007bf10,0x00000000e0080000)
  to   space 27136K, 0% used [0x00000000e2700000,0x00000000e2700000,0x00000000e4180000)
 ParOldGen       total 104960K, used 37030K [0x0000000080000000, 0x0000000086680000, 0x00000000d5580000)
  object space 104960K, 35% used [0x0000000080000000,0x0000000082429b38,0x0000000086680000)
 Metaspace       used 56595K, capacity 59112K, committed 59160K, reserved 1099776K
  class space    used 7844K, capacity 8448K, committed 8496K, reserved 1048576K
Event: 21.837 GC heap after
Heap after GC invocations=14 (full 3):
 PSYoungGen      total 175104K, used 0K [0x00000000d5580000, 0x00000000e4180000, 0x0000000100000000)
  eden space 152576K, 0% used [0x00000000d5580000,0x00000000d5580000,0x00000000dea80000)
  from space 22528K, 0% used [0x00000000dea80000,0x00000000dea80000,0x00000000e0080000)
  to   space 27136K, 0% used [0x00000000e2700000,0x00000000e2700000,0x00000000e4180000)
 ParOldGen       total 104960K, used 47089K [0x0000000080000000, 0x0000000086680000, 0x00000000d5580000)
  object space 104960K, 44% used [0x0000000080000000,0x0000000082dfc5e8,0x0000000086680000)
 Metaspace       used 56595K, capacity 59112K, committed 59160K, reserved 1099776K
  class space    used 7844K, capacity 8448K, committed 8496K, reserved 1048576K
}
Event: 168.310 GC heap before
{Heap before GC invocations=15 (full 3):
 PSYoungGen      total 175104K, used 152576K [0x00000000d5580000, 0x00000000e4180000, 0x0000000100000000)
  eden space 152576K, 100% used [0x00000000d5580000,0x00000000dea80000,0x00000000dea80000)
  from space 22528K, 0% used [0x00000000dea80000,0x00000000dea80000,0x00000000e0080000)
  to   space 27136K, 0% used [0x00000000e2700000,0x00000000e2700000,0x00000000e4180000)
 ParOldGen       total 104960K, used 47089K [0x0000000080000000, 0x0000000086680000, 0x00000000d5580000)
  object space 104960K, 44% used [0x0000000080000000,0x0000000082dfc5e8,0x0000000086680000)
 Metaspace       used 62278K, capacity 66126K, committed 66200K, reserved 1105920K
  class space    used 8469K, capacity 9383K, committed 9392K, reserved 1048576K
Event: 168.342 GC heap after
Heap after GC invocations=15 (full 3):
 PSYoungGen      total 193024K, used 13933K [0x00000000d5580000, 0x00000000e3600000, 0x0000000100000000)
  eden space 177664K, 0% used [0x00000000d5580000,0x00000000d5580000,0x00000000e0300000)
  from space 15360K, 90% used [0x00000000e2700000,0x00000000e349b488,0x00000000e3600000)
  to   space 26112K, 0% used [0x00000000e0300000,0x00000000e0300000,0x00000000e1c80000)
 ParOldGen       total 104960K, used 47097K [0x0000000080000000, 0x0000000086680000, 0x00000000d5580000)
  object space 104960K, 44% used [0x0000000080000000,0x0000000082dfe5e8,0x0000000086680000)
 Metaspace       used 62278K, capacity 66126K, committed 66200K, reserved 1105920K
  class space    used 8469K, capacity 9383K, committed 9392K, reserved 1048576K
}
Event: 174.125 GC heap before
{Heap before GC invocations=16 (full 3):
 PSYoungGen      total 193024K, used 191597K [0x00000000d5580000, 0x00000000e3600000, 0x0000000100000000)
  eden space 177664K, 100% used [0x00000000d5580000,0x00000000e0300000,0x00000000e0300000)
  from space 15360K, 90% used [0x00000000e2700000,0x00000000e349b488,0x00000000e3600000)
  to   space 26112K, 0% used [0x00000000e0300000,0x00000000e0300000,0x00000000e1c80000)
 ParOldGen       total 104960K, used 47097K [0x0000000080000000, 0x0000000086680000, 0x00000000d5580000)
  object space 104960K, 44% used [0x0000000080000000,0x0000000082dfe5e8,0x0000000086680000)
 Metaspace       used 64012K, capacity 67992K, committed 68248K, reserved 1107968K
  class space    used 8611K, capacity 9574K, committed 9648K, reserved 1048576K
Event: 174.184 GC heap after
Heap after GC invocations=16 (full 3):
 PSYoungGen      total 203776K, used 13489K [0x00000000d5580000, 0x00000000e5200000, 0x0000000100000000)
  eden space 177664K, 0% used [0x00000000d5580000,0x00000000d5580000,0x00000000e0300000)
  from space 26112K, 51% used [0x00000000e0300000,0x00000000e102c6f0,0x00000000e1c80000)
  to   space 25088K, 0% used [0x00000000e3980000,0x00000000e3980000,0x00000000e5200000)
 ParOldGen       total 104960K, used 47097K [0x0000000080000000, 0x0000000086680000, 0x00000000d5580000)
  object space 104960K, 44% used [0x0000000080000000,0x0000000082dfe5e8,0x0000000086680000)
 Metaspace       used 64012K, capacity 67992K, committed 68248K, reserved 1107968K
  class space    used 8611K, capacity 9574K, committed 9648K, reserved 1048576K
}
Event: 175.202 GC heap before
{Heap before GC invocations=17 (full 3):
 PSYoungGen      total 203776K, used 191153K [0x00000000d5580000, 0x00000000e5200000, 0x0000000100000000)
  eden space 177664K, 100% used [0x00000000d5580000,0x00000000e0300000,0x00000000e0300000)
  from space 26112K, 51% used [0x00000000e0300000,0x00000000e102c6f0,0x00000000e1c80000)
  to   space 25088K, 0% used [0x00000000e3980000,0x00000000e3980000,0x00000000e5200000)
 ParOldGen       total 104960K, used 47097K [0x0000000080000000, 0x0000000086680000, 0x00000000d5580000)
  object space 104960K, 44% used [0x0000000080000000,0x0000000082dfe5e8,0x0000000086680000)
 Metaspace       used 64081K, capacity 68056K, committed 68248K, reserved 1107968K
  class space    used 8611K, capacity 9574K, committed 9648K, reserved 1048576K
Event: 175.219 GC heap after
Heap after GC invocations=17 (full 3):
 PSYoungGen      total 234496K, used 12504K [0x00000000d5580000, 0x00000000e5480000, 0x0000000100000000)
  eden space 209408K, 0% used [0x00000000d5580000,0x00000000d5580000,0x00000000e2200000)
  from space 25088K, 49% used [0x00000000e3980000,0x00000000e45b6008,0x00000000e5200000)
  to   space 24064K, 0% used [0x00000000e2200000,0x00000000e2200000,0x00000000e3980000)
 ParOldGen       total 104960K, used 47105K [0x0000000080000000, 0x0000000086680000, 0x00000000d5580000)
  object space 104960K, 44% used [0x0000000080000000,0x0000000082e005e8,0x0000000086680000)
 Metaspace       used 64081K, capacity 68056K, committed 68248K, reserved 1107968K
  class space    used 8611K, capacity 9574K, committed 9648K, reserved 1048576K
}
Event: 185.913 GC heap before
{Heap before GC invocations=18 (full 3):
 PSYoungGen      total 234496K, used 221912K [0x00000000d5580000, 0x00000000e5480000, 0x0000000100000000)
  eden space 209408K, 100% used [0x00000000d5580000,0x00000000e2200000,0x00000000e2200000)
  from space 25088K, 49% used [0x00000000e3980000,0x00000000e45b6008,0x00000000e5200000)
  to   space 24064K, 0% used [0x00000000e2200000,0x00000000e2200000,0x00000000e3980000)
 ParOldGen       total 104960K, used 47105K [0x0000000080000000, 0x0000000086680000, 0x00000000d5580000)
  object space 104960K, 44% used [0x0000000080000000,0x0000000082e005e8,0x0000000086680000)
 Metaspace       used 71176K, capacity 75250K, committed 75416K, reserved 1114112K
  class space    used 9389K, capacity 10365K, committed 10416K, reserved 1048576K
Event: 185.977 GC heap after
Heap after GC invocations=18 (full 3):
 PSYoungGen      total 233472K, used 24063K [0x00000000d5580000, 0x00000000e8680000, 0x0000000100000000)
  eden space 209408K, 0% used [0x00000000d5580000,0x00000000d5580000,0x00000000e2200000)
  from space 24064K, 99% used [0x00000000e2200000,0x00000000e397fdf8,0x00000000e3980000)
  to   space 32256K, 0% used [0x00000000e6700000,0x00000000e6700000,0x00000000e8680000)
 ParOldGen       total 104960K, used 61096K [0x0000000080000000, 0x0000000086680000, 0x00000000d5580000)
  object space 104960K, 58% used [0x0000000080000000,0x0000000083baa2e8,0x0000000086680000)
 Metaspace       used 71176K, capacity 75250K, committed 75416K, reserved 1114112K
  class space    used 9389K, capacity 10365K, committed 10416K, reserved 1048576K
}

